[1] "2023-11-02 10:47:30 MST"

Attaching package: ‘coda’

The following object is masked from ‘package:jagsUI’:

    traceplot


Attaching package: ‘dplyr’

The following objects are masked from ‘package:stats’:

    filter, lag

The following objects are masked from ‘package:base’:

    intersect, setdiff, setequal, union


Attaching package: ‘tidyr’

The following object is masked from ‘package:magrittr’:

    extract


Processing function input....... 

Done. 
 
Beginning parallel processing using 3 cores. Console output will be suppressed.

Parallel processing completed.

Calculating statistics....... 

Done. 
[1] "2023-11-02 18:32:50 MST"
Time difference of 7.755357 hours
                                                                                Preparing plots for mu.lpsi.  12% complete.                                                                                Preparing plots for sig.lpsi.  25% complete.                                                                                Preparing plots for mu.a0.  38% complete.                                                                                Preparing plots for sig.a0.  50% complete.                                                                                Preparing plots for a1.Cover.  62% complete.                                                                                Preparing plots for mu.missingcover.  75% complete.                                                                                Preparing plots for sig.missingcover.  88% complete.                                                                                Preparing plots for deviance.  100% complete.     sh: /usr/bin/firefox: No such file or directory
                                                                           # A tibble: 1 × 3
  iterations_90 iterations_95    max
          <dbl>         <dbl>  <dbl>
1        363938       445131. 726200
# A tibble: 1 × 1
  `max(iterations, na.rm = T)`
                         <dbl>
1                         1920
