[1] "2023-10-30 13:18:55 MST"

Attaching package: ‘coda’

The following object is masked from ‘package:jagsUI’:

    traceplot


Attaching package: ‘dplyr’

The following objects are masked from ‘package:stats’:

    filter, lag

The following objects are masked from ‘package:base’:

    intersect, setdiff, setequal, union


Attaching package: ‘tidyr’

The following object is masked from ‘package:magrittr’:

    extract


Processing function input....... 

Done. 
 
Beginning parallel processing using 3 cores. Console output will be suppressed.

Parallel processing completed.

Calculating statistics....... 

Done. 
[1] "2023-10-31 00:35:22 MST"
Time difference of 11.27425 hours
sh: /usr/bin/firefox: No such file or directory
                                                                                Preparing plots for psi.mean.  17% complete.                                                                                Preparing plots for sig.lpsi.  33% complete.                                                                                Preparing plots for mu.a0.  50% complete.                                                                                Preparing plots for sig.a0.  67% complete.                                                                                Preparing plots for a1.Cover.  83% complete.                                                                                Preparing plots for deviance.  100% complete.                                                                                # A tibble: 1 × 3
  iterations_90 iterations_95     max
          <dbl>         <dbl>   <dbl>
1        375406       547893. 712337.
# A tibble: 1 × 1
  `max(iterations, na.rm = T)`
                         <dbl>
1                         7780
